Arguments: 
  C:\Program Files\nodejs\node.exe C:\Users\PC-13\AppData\Roaming\npm\node_modules\yarn\bin\yarn.js init

PATH: 
  C:\Program Files\Common Files\Oracle\Java\javapath;C:\WINDOWS\system32;C:\WINDOWS;C:\WINDOWS\System32\Wbem;C:\WINDOWS\System32\WindowsPowerShell\v1.0\;C:\WINDOWS\System32\OpenSSH\;C:\MinGW\bin;C:\Program Files\Git\cmd;C:\ProgramData\chocolatey\bin;C:\Users\PC-13\AppData\Roaming\npm\node_modules\yarn\bin;C:\Program Files\dotnet\;C:\Program Files\nodejs\;C:\Program Files\Java\jdk20\bin;C:\Users\PC-13\AppData\Local\Programs\Python\Python311\Scripts\;C:\Users\PC-13\AppData\Local\Programs\Python\Python311\;C:\Users\PC-13\AppData\Local\Programs\Python\Python311;c:\users\PC-13\appdata\local\yarn\bin;C:\Users\PC-13\AppData\Local\Programs\Microsoft VS Code\bin;C:\Users\PC-13\.npm;C:\Users\PC-13\AppData\Roaming\npm;C:\Program Files\Java\jdk-20\bin\

Yarn version: 
  1.22.19

Node version: 
  18.16.1

Platform: 
  win32 x64

Trace: 
  Error: canceled
      at Interface.<anonymous> (C:\Users\PC-13\AppData\Roaming\npm\node_modules\yarn\lib\cli.js:137150:13)
      at Interface.emit (node:events:513:28)
      at [_ttyWrite] [as _ttyWrite] (node:internal/readline/interface:1131:18)
      at ReadStream.onkeypress (node:internal/readline/interface:270:20)
      at ReadStream.emit (node:events:513:28)
      at emitKeys (node:internal/readline/utils:357:14)
      at emitKeys.next (<anonymous>)
      at ReadStream.onData (node:internal/readline/emitKeypressEvents:64:36)
      at ReadStream.emit (node:events:513:28)
      at addChunk (node:internal/streams/readable:324:12)

npm manifest: 
  No manifest

yarn manifest: 
  No manifest

Lockfile: 
  No lockfile
